[
  {
    "line": 1,
    "elements": [
      {
        "before": [
          {
            "result": {
              "duration": 1912222050,
              "status": "passed"
            },
            "match": {
              "location": "MyStepdefs.start()"
            }
          }
        ],
        "line": 43,
        "name": "Super admin can delete user",
        "description": "",
        "id": "supperadmin-can-create-edit-and-delete-user;super-admin-can-delete-user",
        "after": [
          {
            "result": {
              "duration": 21026457,
              "error_message": "org.openqa.selenium.NoSuchWindowException: no such window: target window already closed\nfrom unknown error: web view not found\n  (Session info: chrome\u003d86.0.4240.198)\nBuild info: version: \u00273.141.59\u0027, revision: \u0027e82be7d358\u0027, time: \u00272018-11-14T08:17:03\u0027\nSystem info: host: \u0027Anuda-MacBook-Pro.local\u0027, ip: \u00272a00:23c7:7223:8501:30b1:2ce5:393f:e079%en0\u0027, os.name: \u0027Mac OS X\u0027, os.arch: \u0027x86_64\u0027, os.version: \u002710.15.7\u0027, java.version: \u002711.0.6\u0027\nDriver info: org.openqa.selenium.chrome.ChromeDriver\nCapabilities {acceptInsecureCerts: false, browserName: chrome, browserVersion: 86.0.4240.198, chrome: {chromedriverVersion: 86.0.4240.22 (398b0743353ff..., userDataDir: /var/folders/6f/7bzy15n56px...}, goog:chromeOptions: {debuggerAddress: localhost:62490}, javascriptEnabled: true, networkConnectionEnabled: false, pageLoadStrategy: normal, platform: MAC, platformName: MAC, proxy: Proxy(), setWindowRect: true, strictFileInteractability: false, timeouts: {implicit: 0, pageLoad: 300000, script: 30000}, unhandledPromptBehavior: dismiss and notify, webauthn:virtualAuthenticators: true}\nSession ID: 63def4cb444836e69a87315e24661709\n\tat java.base/jdk.internal.reflect.NativeConstructorAccessorImpl.newInstance0(Native Method)\n\tat java.base/jdk.internal.reflect.NativeConstructorAccessorImpl.newInstance(NativeConstructorAccessorImpl.java:62)\n\tat java.base/jdk.internal.reflect.DelegatingConstructorAccessorImpl.newInstance(DelegatingConstructorAccessorImpl.java:45)\n\tat java.base/java.lang.reflect.Constructor.newInstance(Constructor.java:490)\n\tat org.openqa.selenium.remote.http.W3CHttpResponseCodec.createException(W3CHttpResponseCodec.java:187)\n\tat org.openqa.selenium.remote.http.W3CHttpResponseCodec.decode(W3CHttpResponseCodec.java:122)\n\tat org.openqa.selenium.remote.http.W3CHttpResponseCodec.decode(W3CHttpResponseCodec.java:49)\n\tat org.openqa.selenium.remote.HttpCommandExecutor.execute(HttpCommandExecutor.java:158)\n\tat org.openqa.selenium.remote.service.DriverCommandExecutor.execute(DriverCommandExecutor.java:83)\n\tat org.openqa.selenium.remote.RemoteWebDriver.execute(RemoteWebDriver.java:552)\n\tat org.openqa.selenium.remote.RemoteWebDriver.execute(RemoteWebDriver.java:609)\n\tat org.openqa.selenium.remote.RemoteWebDriver.getScreenshotAs(RemoteWebDriver.java:295)\n\tat regression.MyStepdefs.stop(MyStepdefs.java:40)\n\tat java.base/jdk.internal.reflect.NativeMethodAccessorImpl.invoke0(Native Method)\n\tat java.base/jdk.internal.reflect.NativeMethodAccessorImpl.invoke(NativeMethodAccessorImpl.java:62)\n\tat java.base/jdk.internal.reflect.DelegatingMethodAccessorImpl.invoke(DelegatingMethodAccessorImpl.java:43)\n\tat java.base/java.lang.reflect.Method.invoke(Method.java:566)\n\tat cucumber.runtime.Utils$1.call(Utils.java:40)\n\tat cucumber.runtime.Timeout.timeout(Timeout.java:16)\n\tat cucumber.runtime.Utils.invoke(Utils.java:34)\n\tat cucumber.runtime.java.JavaHookDefinition.execute(JavaHookDefinition.java:60)\n\tat cucumber.runtime.Runtime.runHookIfTagsMatch(Runtime.java:224)\n\tat cucumber.runtime.Runtime.runHooks(Runtime.java:212)\n\tat cucumber.runtime.Runtime.runAfterHooks(Runtime.java:206)\n\tat cucumber.runtime.model.CucumberScenario.run(CucumberScenario.java:46)\n\tat cucumber.runtime.junit.ExecutionUnitRunner.run(ExecutionUnitRunner.java:102)\n\tat cucumber.runtime.junit.FeatureRunner.runChild(FeatureRunner.java:63)\n\tat cucumber.runtime.junit.FeatureRunner.runChild(FeatureRunner.java:18)\n\tat org.junit.runners.ParentRunner$3.run(ParentRunner.java:238)\n\tat org.junit.runners.ParentRunner$1.schedule(ParentRunner.java:63)\n\tat org.junit.runners.ParentRunner.runChildren(ParentRunner.java:236)\n\tat org.junit.runners.ParentRunner.access$000(ParentRunner.java:53)\n\tat org.junit.runners.ParentRunner$2.evaluate(ParentRunner.java:229)\n\tat org.junit.runners.ParentRunner.run(ParentRunner.java:309)\n\tat cucumber.runtime.junit.FeatureRunner.run(FeatureRunner.java:70)\n\tat cucumber.api.junit.Cucumber.runChild(Cucumber.java:95)\n\tat cucumber.api.junit.Cucumber.runChild(Cucumber.java:38)\n\tat org.junit.runners.ParentRunner$3.run(ParentRunner.java:238)\n\tat org.junit.runners.ParentRunner$1.schedule(ParentRunner.java:63)\n\tat org.junit.runners.ParentRunner.runChildren(ParentRunner.java:236)\n\tat org.junit.runners.ParentRunner.access$000(ParentRunner.java:53)\n\tat org.junit.runners.ParentRunner$2.evaluate(ParentRunner.java:229)\n\tat org.junit.internal.runners.statements.RunBefores.evaluate(RunBefores.java:26)\n\tat org.junit.internal.runners.statements.RunAfters.evaluate(RunAfters.java:27)\n\tat org.junit.runners.ParentRunner.run(ParentRunner.java:309)\n\tat cucumber.api.junit.Cucumber.run(Cucumber.java:100)\n\tat org.junit.runners.Suite.runChild(Suite.java:127)\n\tat org.junit.runners.Suite.runChild(Suite.java:26)\n\tat org.junit.runners.ParentRunner$3.run(ParentRunner.java:238)\n\tat org.junit.runners.ParentRunner$1.schedule(ParentRunner.java:63)\n\tat org.junit.runners.ParentRunner.runChildren(ParentRunner.java:236)\n\tat org.junit.runners.ParentRunner.access$000(ParentRunner.java:53)\n\tat org.junit.runners.ParentRunner$2.evaluate(ParentRunner.java:229)\n\tat org.junit.runners.ParentRunner.run(ParentRunner.java:309)\n\tat org.junit.runner.JUnitCore.run(JUnitCore.java:160)\n\tat com.intellij.junit4.JUnit4IdeaTestRunner.startRunnerWithArgs(JUnit4IdeaTestRunner.java:68)\n\tat com.intellij.rt.junit.IdeaTestRunner$Repeater.startRunnerWithArgs(IdeaTestRunner.java:33)\n\tat com.intellij.rt.junit.JUnitStarter.prepareStreamsAndStart(JUnitStarter.java:230)\n\tat com.intellij.rt.junit.JUnitStarter.main(JUnitStarter.java:58)\n",
              "status": "failed"
            },
            "match": {
              "location": "MyStepdefs.stop(Scenario)"
            }
          }
        ],
        "type": "scenario",
        "keyword": "Scenario",
        "steps": [
          {
            "result": {
              "duration": 2977198264,
              "error_message": "org.openqa.selenium.NoSuchElementException: Cannot locate an element using id\u003dMobileNumber\nFor documentation on this error, please visit: https://www.seleniumhq.org/exceptions/no_such_element.html\nBuild info: version: \u00273.141.59\u0027, revision: \u0027e82be7d358\u0027, time: \u00272018-11-14T08:17:03\u0027\nSystem info: host: \u0027Anuda-MacBook-Pro.local\u0027, ip: \u00272a00:23c7:7223:8501:30b1:2ce5:393f:e079%en0\u0027, os.name: \u0027Mac OS X\u0027, os.arch: \u0027x86_64\u0027, os.version: \u002710.15.7\u0027, java.version: \u002711.0.6\u0027\nDriver info: driver.version: RemoteWebDriver\n\tat org.openqa.selenium.remote.RemoteWebDriver.findElement(RemoteWebDriver.java:327)\n\tat org.openqa.selenium.remote.RemoteWebDriver.findElementById(RemoteWebDriver.java:372)\n\tat org.openqa.selenium.By$ById.findElement(By.java:188)\n\tat org.openqa.selenium.remote.RemoteWebDriver.findElement(RemoteWebDriver.java:315)\n\tat org.openqa.selenium.support.pagefactory.DefaultElementLocator.findElement(DefaultElementLocator.java:69)\n\tat org.openqa.selenium.support.pagefactory.internal.LocatingElementHandler.invoke(LocatingElementHandler.java:38)\n\tat com.sun.proxy.$Proxy21.sendKeys(Unknown Source)\n\tat regression.PageObject.LoginPage.login(LoginPage.java:21)\n\tat regression.MyStepdefs.superadminLogedIn(MyStepdefs.java:48)\n\tat âœ½.Given SuperAdmin logIn(regression/superAdmin.feature:44)\n",
              "status": "failed"
            },
            "line": 44,
            "name": "SuperAdmin logIn",
            "match": {
              "location": "MyStepdefs.superadminLogedIn()"
            },
            "keyword": "Given "
          },
          {
            "result": {
              "status": "skipped"
            },
            "line": 45,
            "name": "He navigate to Masters screen and select Users",
            "match": {
              "location": "MyStepdefs.heNavigateToMastersScreenAndSelectUsers()"
            },
            "keyword": "And "
          },
          {
            "result": {
              "status": "skipped"
            },
            "line": 46,
            "name": "He go to action column and select delete",
            "match": {
              "location": "MyStepdefs.heGoToActionColumnAndSelectDelete()"
            },
            "keyword": "When "
          },
          {
            "result": {
              "status": "skipped"
            },
            "line": 47,
            "name": "user should be deleted successfully",
            "match": {
              "location": "MyStepdefs.userShouldBeDeletedSuccessfully()"
            },
            "keyword": "Then "
          }
        ],
        "tags": [
          {
            "line": 42,
            "name": "@04"
          }
        ]
      }
    ],
    "name": "SupperAdmin can Create Edit and delete user",
    "description": "",
    "id": "supperadmin-can-create-edit-and-delete-user",
    "keyword": "Feature",
    "uri": "regression/superAdmin.feature"
  }
]